<?xml version="1.0" encoding="UTF-8"?>
<!-- Generated by org.testng.reporters.JUnitReportReporter -->
<testsuite skipped="0" hostname="admin-PC" name="testNG.TestNG" tests="1" failures="0" timestamp="21 Nov 2019 13:19:06 GMT" time="1.825" errors="0">
  <testcase name="resgister" time="1.825" classname="testNG.TestNG"/>
</testsuite> <!-- testNG.TestNG -->
