<?xml version="1.0" encoding="UTF-8"?>
<!-- Generated by org.testng.reporters.JUnitReportReporter -->
<testsuite skipped="0" hostname="admin-PC" name="com.GRID.GRID_DataProvider" tests="1" failures="0" timestamp="25 Nov 2019 13:30:04 GMT" time="26.220" errors="0">
  <testcase name="LogInTest" time="26.220" classname="com.GRID.GRID_DataProvider"/>
</testsuite> <!-- com.GRID.GRID_DataProvider -->
