<?xml version="1.0" encoding="UTF-8"?>
<!-- Generated by org.testng.reporters.JUnitReportReporter -->
<testsuite skipped="0" hostname="admin-PC" name="com.OHRM.OHRM_LoginTest" tests="1" failures="0" timestamp="22 Nov 2019 13:21:50 GMT" time="5.280" errors="0">
  <testcase name="login" time="5.280" classname="com.OHRM.OHRM_LoginTest"/>
</testsuite> <!-- com.OHRM.OHRM_LoginTest -->
