<?xml version="1.0" encoding="UTF-8"?>
<!-- Generated by org.testng.reporters.JUnitReportReporter -->
<testsuite skipped="0" hostname="admin-PC" name="com.facebook.Facebook_Login" tests="1" failures="0" timestamp="25 Nov 2019 13:57:30 GMT" time="20.640" errors="0">
  <testcase name="login" time="20.640" classname="com.facebook.Facebook_Login"/>
</testsuite> <!-- com.facebook.Facebook_Login -->
